INFO:     Will watch for changes in these directories: ['/root/workspace/CoinStudy']
INFO:     Uvicorn running on http://0.0.0.0:5004 (Press CTRL+C to quit)
INFO:     Started reloader process [605957] using WatchFiles
INFO:     Started server process [605965]
INFO:     Waiting for application startup.
INFO:     Application startup complete.
INFO:     218.153.102.79:3193 - "GET /dashboard/ HTTP/1.1" 200 OK
INFO:     218.153.102.79:3297 - "GET /dashboard/ HTTP/1.1" 200 OK
INFO:     218.153.102.79:3297 - "GET /dashboard/ HTTP/1.1" 200 OK
WARNING:  WatchFiles detected changes in 'utils/html_renderer.py'. Reloading...
INFO:     Shutting down
INFO:     Waiting for application shutdown.
INFO:     Application shutdown complete.
INFO:     Finished server process [605965]
INFO:     Started server process [606031]
INFO:     Waiting for application startup.
INFO:     Application startup complete.
INFO:     218.153.102.79:3306 - "GET /dashboard/ HTTP/1.1" 200 OK
WARNING:  WatchFiles detected changes in 'routes/whats_my_balance.py'. Reloading...
INFO:     Shutting down
INFO:     Waiting for application shutdown.
INFO:     Application shutdown complete.
INFO:     Finished server process [606031]
INFO:     Started server process [606054]
INFO:     Waiting for application startup.
INFO:     Application startup complete.
WARNING:  WatchFiles detected changes in 'main.py'. Reloading...
INFO:     Shutting down
INFO:     Waiting for application shutdown.
INFO:     Application shutdown complete.
INFO:     Finished server process [606054]
INFO:     Started server process [606081]
INFO:     Waiting for application startup.
INFO:     Application startup complete.
